<?xml version="1.0" encoding="UTF-8"?>
<!-- Generated by org.testng.reporters.JUnitXMLReporter -->
<testsuite ignored="0" hostname="DESKTOP-FQ1CENA" failures="0" tests="2" name="TravelApp Test" time="14.741" errors="0" timestamp="29 Nov. 2021 01:55:06 GMT">
  <testcase classname="com.travelAppTest.testCases.TC_LoginTest_001" name="loginTest" time="4.655"/>
  <testcase classname="com.travelAppTest.testCases.TC_LoadHotelsPage_001" name="loadHotelsPageTest" time="4.436"/>
</testsuite> <!-- TravelApp Test -->
