<?xml version="1.0" encoding="UTF-8"?>
<!-- Generated by org.testng.reporters.JUnitXMLReporter -->
<testsuite ignored="0" hostname="DESKTOP-FQ1CENA" failures="1" tests="1" name="TravelApp Test" time="7.45" errors="0" timestamp="28 Nov. 2021 23:28:03 GMT">
  <testcase classname="com.travelAppTest.testCases.TC_LoginTest_001" name="loginTest" time="4.157">
    <failure type="java.lang.AssertionError" message="expected [true] but found [false]">
      <![CDATA[java.lang.AssertionError: expected [true] but found [false]
at com.travelAppTest.testCases.TC_LoginTest_001.loginTest(TC_LoginTest_001.java:39)
... Removed 29 stack frames]]>
    </failure>
  </testcase> <!-- loginTest -->
</testsuite> <!-- TravelApp Test -->
