<?xml version="1.0" encoding="UTF-8"?>
<testng-results ignored="0" total="2" passed="2" failed="0" skipped="0">
  <reporter-output>
  </reporter-output>
  <suite started-at="2021-11-29T01:54:51Z" name="travelAppTest" finished-at="2021-11-29T01:55:06Z" duration-ms="14741">
    <groups>
    </groups>
    <test started-at="2021-11-29T01:54:51Z" name="TravelApp Test" finished-at="2021-11-29T01:55:06Z" duration-ms="14741">
      <class name="com.travelAppTest.testCases.TC_LoginTest_001">
        <test-method is-config="true" signature="setup(java.lang.String)[pri:0, instance:com.travelAppTest.testCases.TC_LoginTest_001@6e509ffa]" started-at="2021-11-29T01:54:52Z" name="setup" finished-at="2021-11-29T01:54:54Z" duration-ms="2222" status="PASS">
          <params>
            <param index="0">
              <value>
                <![CDATA[chrome]]>
              </value>
            </param>
          </params>
          <reporter-output>
          </reporter-output>
        </test-method> <!-- setup -->
        <test-method signature="loginTest()[pri:0, instance:com.travelAppTest.testCases.TC_LoginTest_001@6e509ffa]" started-at="2021-11-29T01:54:54Z" name="loginTest" finished-at="2021-11-29T01:54:59Z" duration-ms="4655" status="PASS">
          <reporter-output>
          </reporter-output>
        </test-method> <!-- loginTest -->
        <test-method is-config="true" signature="tearDown()[pri:0, instance:com.travelAppTest.testCases.TC_LoginTest_001@6e509ffa]" started-at="2021-11-29T01:54:59Z" name="tearDown" finished-at="2021-11-29T01:54:59Z" duration-ms="698" status="PASS">
          <reporter-output>
          </reporter-output>
        </test-method> <!-- tearDown -->
      </class> <!-- com.travelAppTest.testCases.TC_LoginTest_001 -->
      <class name="com.travelAppTest.testCases.TC_LoadHotelsPage_001">
        <test-method is-config="true" signature="setup(java.lang.String)[pri:0, instance:com.travelAppTest.testCases.TC_LoadHotelsPage_001@2898ac89]" started-at="2021-11-29T01:54:59Z" name="setup" finished-at="2021-11-29T01:55:01Z" duration-ms="1624" status="PASS">
          <params>
            <param index="0">
              <value>
                <![CDATA[chrome]]>
              </value>
            </param>
          </params>
          <reporter-output>
          </reporter-output>
        </test-method> <!-- setup -->
        <test-method signature="loadHotelsPageTest()[pri:0, instance:com.travelAppTest.testCases.TC_LoadHotelsPage_001@2898ac89]" started-at="2021-11-29T01:55:01Z" name="loadHotelsPageTest" finished-at="2021-11-29T01:55:05Z" duration-ms="4436" status="PASS">
          <reporter-output>
          </reporter-output>
        </test-method> <!-- loadHotelsPageTest -->
        <test-method is-config="true" signature="tearDown()[pri:0, instance:com.travelAppTest.testCases.TC_LoadHotelsPage_001@2898ac89]" started-at="2021-11-29T01:55:05Z" name="tearDown" finished-at="2021-11-29T01:55:06Z" duration-ms="718" status="PASS">
          <reporter-output>
          </reporter-output>
        </test-method> <!-- tearDown -->
      </class> <!-- com.travelAppTest.testCases.TC_LoadHotelsPage_001 -->
    </test> <!-- TravelApp Test -->
  </suite> <!-- travelAppTest -->
</testng-results>
